<?xml version="1.0" encoding="utf-8"?><testsuites name="pytest tests"><testsuite name="pytest" errors="0" failures="0" skipped="0" tests="11" time="4.133" timestamp="2026-08-06T05:22:43.609748+00:00" hostname="agent-env-4328415d-9b8c-4b82-894b-e175f3ed447b"><testcase classname="tests.test_hands.TestHandsCRUD" name="test_delete_returns_deleted_count" time="0.305" /><testcase classname="tests.test_hands.TestConfidenceFlags" name="test_recognize_returns_confidence_per_card" time="2.200" /><testcase classname="tests.test_hands.TestHandsCRUD" name="test_save_green_hand_and_band" time="0.434" /><testcase classname="tests.test_hands.TestHandsCRUD" name="test_save_gold_hand_band" time="0.134" /><testcase classname="tests.test_hands.TestHandsCRUD" name="test_save_red_hand_band" time="0.125" /><testcase classname="tests.test_hands.TestHandsCRUD" name="test_list_newest_first_and_persistence" time="0.127" /><testcase classname="tests.test_hands.TestHandsCRUD" name="test_limit_capped_at_100" time="0.126" /><testcase classname="tests.test_hands.TestHandsCRUD" name="test_invalid_source_normalised_to_camera" time="0.100" /><testcase classname="tests.test_hands.TestHandsCRUD" name="test_duplicate_cards_rejected" time="0.099" /><testcase classname="tests.test_hands.TestHandsCRUD" name="test_clear_all_removes_hands" time="0.306" /><testcase classname="tests.test_hands.TestConfidenceFlags" name="test_scan_frame_returns_confidence" time="1.324" /></testsuite></testsuites>