<?xml version="1.0" encoding="utf-8"?><testsuites name="pytest tests"><testsuite name="pytest" errors="0" failures="0" skipped="0" tests="11" time="1.444" timestamp="2026-07-25T16:17:04.311425+00:00" hostname="agent-env-4328415d-9b8c-4b82-894b-e175f3ed447b"><testcase classname="tests.test_evaluate.TestEvaluationLogic" name="test_default_hand_a2_5_k" time="0.170" /><testcase classname="tests.test_evaluate.TestValidation" name="test_three_cards_rejected" time="0.172" /><testcase classname="tests.test_evaluate.TestEvaluationLogic" name="test_weak_broken_hand" time="0.100" /><testcase classname="tests.test_evaluate.TestValidation" name="test_five_cards_rejected" time="0.136" /><testcase classname="tests.test_evaluate.TestEvaluationLogic" name="test_double_suited_premium" time="0.176" /><testcase classname="tests.test_evaluate.TestValidation" name="test_duplicate_cards_rejected" time="0.109" /><testcase classname="tests.test_evaluate.TestValidation" name="test_invalid_rank" time="0.104" /><testcase classname="tests.test_evaluate.TestEvaluationLogic" name="test_premium_stronger_than_broken" time="0.272" /><testcase classname="tests.test_evaluate.TestValidation" name="test_invalid_suit" time="0.157" /><testcase classname="tests.test_evaluate.TestHealth" name="test_root" time="0.112" /><testcase classname="tests.test_evaluate.TestEvaluationLogic" name="test_formula_string" time="0.196" /></testsuite></testsuites>