<?xml version="1.0" encoding="utf-8"?><testsuites name="pytest tests"><testsuite name="pytest" errors="0" failures="0" skipped="0" tests="3" time="4.243" timestamp="2026-07-31T16:49:04.873664+00:00" hostname="agent-env-4328415d-9b8c-4b82-894b-e175f3ed447b"><testcase classname="tests.test_recognize.TestRecognizeCards" name="test_reject_non_image" time="0.185" /><testcase classname="tests.test_recognize.TestRecognizeCards" name="test_reject_empty_image" time="0.161" /><testcase classname="tests.test_recognize.TestRecognizeCards" name="test_valid_image_returns_four_cards" time="3.371" /></testsuite></testsuites>